Determining if the strtok_s exist failed with the following output:
Change Dir: /home/vboxuser/Desktop/openSi/kicad-build/CMakeFiles/CMakeScratch/TryCompile-hEcj8W

Run Build Command(s):/usr/bin/gmake -f Makefile cmTC_427ea/fast && gmake[1]: Entering directory '/home/vboxuser/Desktop/openSi/kicad-build/CMakeFiles/CMakeScratch/TryCompile-hEcj8W'
gmake[1]: Warning: File 'Makefile' has modification time 1,6 s in the future
/usr/bin/gmake  -f CMakeFiles/cmTC_427ea.dir/build.make CMakeFiles/cmTC_427ea.dir/build
gmake[2]: Entering directory '/home/vboxuser/Desktop/openSi/kicad-build/CMakeFiles/CMakeScratch/TryCompile-hEcj8W'
gmake[2]: Warning: File 'CMakeFiles/cmTC_427ea.dir/flags.make' has modification time 1,6 s in the future
Building C object CMakeFiles/cmTC_427ea.dir/CheckSymbolExists.c.o
/usr/bin/cc   -fPIE -o CMakeFiles/cmTC_427ea.dir/CheckSymbolExists.c.o -c /home/vboxuser/Desktop/openSi/kicad-build/CMakeFiles/CMakeScratch/TryCompile-hEcj8W/CheckSymbolExists.c
/home/vboxuser/Desktop/openSi/kicad-build/CMakeFiles/CMakeScratch/TryCompile-hEcj8W/CheckSymbolExists.c: In function ‘main’:
/home/vboxuser/Desktop/openSi/kicad-build/CMakeFiles/CMakeScratch/TryCompile-hEcj8W/CheckSymbolExists.c:8:19: error: ‘strtok_s’ undeclared (first use in this function); did you mean ‘strtok_r’?
    8 |   return ((int*)(&strtok_s))[argc];
      |                   ^~~~~~~~
      |                   strtok_r
/home/vboxuser/Desktop/openSi/kicad-build/CMakeFiles/CMakeScratch/TryCompile-hEcj8W/CheckSymbolExists.c:8:19: note: each undeclared identifier is reported only once for each function it appears in
gmake[2]: *** [CMakeFiles/cmTC_427ea.dir/build.make:78: CMakeFiles/cmTC_427ea.dir/CheckSymbolExists.c.o] Error 1
gmake[2]: Leaving directory '/home/vboxuser/Desktop/openSi/kicad-build/CMakeFiles/CMakeScratch/TryCompile-hEcj8W'
gmake[1]: *** [Makefile:127: cmTC_427ea/fast] Error 2
gmake[1]: Leaving directory '/home/vboxuser/Desktop/openSi/kicad-build/CMakeFiles/CMakeScratch/TryCompile-hEcj8W'


File CheckSymbolExists.c:
/* */
#include <string.h>

int main(int argc, char** argv)
{
  (void)argv;
#ifndef strtok_s
  return ((int*)(&strtok_s))[argc];
#else
  (void)argc;
  return 0;
#endif
}
Performing C++ SOURCE FILE Test COMPILER_SUPPORTS_WINCONSISTENT_MISSING_OVERRIDE failed with the following output:
Change Dir: /home/vboxuser/Desktop/openSi/kicad-build/CMakeFiles/CMakeScratch/TryCompile-SqHghv

Run Build Command(s):/usr/bin/gmake -f Makefile cmTC_7e7ee/fast && gmake[1]: Entering directory '/home/vboxuser/Desktop/openSi/kicad-build/CMakeFiles/CMakeScratch/TryCompile-SqHghv'
gmake[1]: Warning: File 'Makefile' has modification time 1.6 s in the future
/usr/bin/gmake  -f CMakeFiles/cmTC_7e7ee.dir/build.make CMakeFiles/cmTC_7e7ee.dir/build
gmake[2]: Entering directory '/home/vboxuser/Desktop/openSi/kicad-build/CMakeFiles/CMakeScratch/TryCompile-SqHghv'
gmake[2]: Warning: File 'CMakeFiles/cmTC_7e7ee.dir/flags.make' has modification time 1.6 s in the future
Building CXX object CMakeFiles/cmTC_7e7ee.dir/src.cxx.o
/usr/bin/c++ -DCOMPILER_SUPPORTS_WINCONSISTENT_MISSING_OVERRIDE  -fPIE   -Winconsistent-missing-override -std=c++17 -o CMakeFiles/cmTC_7e7ee.dir/src.cxx.o -c /home/vboxuser/Desktop/openSi/kicad-build/CMakeFiles/CMakeScratch/TryCompile-SqHghv/src.cxx
c++: error: unrecognized command-line option '-Winconsistent-missing-override'
gmake[2]: *** [CMakeFiles/cmTC_7e7ee.dir/build.make:78: CMakeFiles/cmTC_7e7ee.dir/src.cxx.o] Error 1
gmake[2]: Leaving directory '/home/vboxuser/Desktop/openSi/kicad-build/CMakeFiles/CMakeScratch/TryCompile-SqHghv'
gmake[1]: *** [Makefile:127: cmTC_7e7ee/fast] Error 2
gmake[1]: Leaving directory '/home/vboxuser/Desktop/openSi/kicad-build/CMakeFiles/CMakeScratch/TryCompile-SqHghv'


Source file was:
int main() { return 0; }

Performing C++ SOURCE FILE Test COMPILER_SUPPORTS_WIMPLICIT_FLOAT_CONVERSION failed with the following output:
Change Dir: /home/vboxuser/Desktop/openSi/kicad-build/CMakeFiles/CMakeScratch/TryCompile-SsloEx

Run Build Command(s):/usr/bin/gmake -f Makefile cmTC_45850/fast && gmake[1]: Entering directory '/home/vboxuser/Desktop/openSi/kicad-build/CMakeFiles/CMakeScratch/TryCompile-SsloEx'
gmake[1]: Warning: File 'Makefile' has modification time 1.6 s in the future
/usr/bin/gmake  -f CMakeFiles/cmTC_45850.dir/build.make CMakeFiles/cmTC_45850.dir/build
gmake[2]: Entering directory '/home/vboxuser/Desktop/openSi/kicad-build/CMakeFiles/CMakeScratch/TryCompile-SsloEx'
gmake[2]: Warning: File 'CMakeFiles/cmTC_45850.dir/flags.make' has modification time 1.6 s in the future
Building CXX object CMakeFiles/cmTC_45850.dir/src.cxx.o
/usr/bin/c++ -DCOMPILER_SUPPORTS_WIMPLICIT_FLOAT_CONVERSION  -fPIE   -Wimplicit-int-float-conversion -std=c++17 -o CMakeFiles/cmTC_45850.dir/src.cxx.o -c /home/vboxuser/Desktop/openSi/kicad-build/CMakeFiles/CMakeScratch/TryCompile-SsloEx/src.cxx
c++: error: unrecognized command-line option '-Wimplicit-int-float-conversion'; did you mean '-Wdeprecated-enum-float-conversion'?
gmake[2]: *** [CMakeFiles/cmTC_45850.dir/build.make:78: CMakeFiles/cmTC_45850.dir/src.cxx.o] Error 1
gmake[2]: Leaving directory '/home/vboxuser/Desktop/openSi/kicad-build/CMakeFiles/CMakeScratch/TryCompile-SsloEx'
gmake[1]: *** [Makefile:127: cmTC_45850/fast] Error 2
gmake[1]: Leaving directory '/home/vboxuser/Desktop/openSi/kicad-build/CMakeFiles/CMakeScratch/TryCompile-SsloEx'


Source file was:
int main() { return 0; }

Performing C++ SOURCE FILE Test COMPILER_SUPPORTS_TRIVIAL_PATTERN_INIT failed with the following output:
Change Dir: /home/vboxuser/Desktop/openSi/kicad-build/CMakeFiles/CMakeScratch/TryCompile-zxuVB5

Run Build Command(s):/usr/bin/gmake -f Makefile cmTC_46587/fast && gmake[1]: Entering directory '/home/vboxuser/Desktop/openSi/kicad-build/CMakeFiles/CMakeScratch/TryCompile-zxuVB5'
gmake[1]: Warning: File 'Makefile' has modification time 1.6 s in the future
/usr/bin/gmake  -f CMakeFiles/cmTC_46587.dir/build.make CMakeFiles/cmTC_46587.dir/build
gmake[2]: Entering directory '/home/vboxuser/Desktop/openSi/kicad-build/CMakeFiles/CMakeScratch/TryCompile-zxuVB5'
gmake[2]: Warning: File 'CMakeFiles/cmTC_46587.dir/flags.make' has modification time 1.6 s in the future
Building CXX object CMakeFiles/cmTC_46587.dir/src.cxx.o
/usr/bin/c++ -DCOMPILER_SUPPORTS_TRIVIAL_PATTERN_INIT  -Wno-attributes  -fPIE   -ftrivial-auto-var-init=pattern -std=c++17 -o CMakeFiles/cmTC_46587.dir/src.cxx.o -c /home/vboxuser/Desktop/openSi/kicad-build/CMakeFiles/CMakeScratch/TryCompile-zxuVB5/src.cxx
c++: error: unrecognized command-line option '-ftrivial-auto-var-init=pattern'
gmake[2]: *** [CMakeFiles/cmTC_46587.dir/build.make:78: CMakeFiles/cmTC_46587.dir/src.cxx.o] Error 1
gmake[2]: Leaving directory '/home/vboxuser/Desktop/openSi/kicad-build/CMakeFiles/CMakeScratch/TryCompile-zxuVB5'
gmake[1]: *** [Makefile:127: cmTC_46587/fast] Error 2
gmake[1]: Leaving directory '/home/vboxuser/Desktop/openSi/kicad-build/CMakeFiles/CMakeScratch/TryCompile-zxuVB5'


Source file was:
int main() { return 0; }

Performing C++ SOURCE FILE Test COMPILER_SUPPORTS_TRIVIAL_ZERO_INIT failed with the following output:
Change Dir: /home/vboxuser/Desktop/openSi/kicad-build/CMakeFiles/CMakeScratch/TryCompile-OwXQ2R

Run Build Command(s):/usr/bin/gmake -f Makefile cmTC_3c5ca/fast && gmake[1]: Entering directory '/home/vboxuser/Desktop/openSi/kicad-build/CMakeFiles/CMakeScratch/TryCompile-OwXQ2R'
gmake[1]: Warning: File 'Makefile' has modification time 1.6 s in the future
/usr/bin/gmake  -f CMakeFiles/cmTC_3c5ca.dir/build.make CMakeFiles/cmTC_3c5ca.dir/build
gmake[2]: Entering directory '/home/vboxuser/Desktop/openSi/kicad-build/CMakeFiles/CMakeScratch/TryCompile-OwXQ2R'
gmake[2]: Warning: File 'CMakeFiles/cmTC_3c5ca.dir/flags.make' has modification time 1.6 s in the future
Building CXX object CMakeFiles/cmTC_3c5ca.dir/src.cxx.o
/usr/bin/c++ -DCOMPILER_SUPPORTS_TRIVIAL_ZERO_INIT  -Wno-attributes  -fPIE   -ftrivial-auto-var-init=zero -std=c++17 -o CMakeFiles/cmTC_3c5ca.dir/src.cxx.o -c /home/vboxuser/Desktop/openSi/kicad-build/CMakeFiles/CMakeScratch/TryCompile-OwXQ2R/src.cxx
c++: error: unrecognized command-line option '-ftrivial-auto-var-init=zero'
gmake[2]: *** [CMakeFiles/cmTC_3c5ca.dir/build.make:78: CMakeFiles/cmTC_3c5ca.dir/src.cxx.o] Error 1
gmake[2]: Leaving directory '/home/vboxuser/Desktop/openSi/kicad-build/CMakeFiles/CMakeScratch/TryCompile-OwXQ2R'
gmake[1]: *** [Makefile:127: cmTC_3c5ca/fast] Error 2
gmake[1]: Leaving directory '/home/vboxuser/Desktop/openSi/kicad-build/CMakeFiles/CMakeScratch/TryCompile-OwXQ2R'


Source file was:
int main() { return 0; }

Performing C++ SOURCE FILE Test COMPILER_REQUIRES_ENABLE_TRIVIAL_ZERO_INIT failed with the following output:
Change Dir: /home/vboxuser/Desktop/openSi/kicad-build/CMakeFiles/CMakeScratch/TryCompile-Tj9QBR

Run Build Command(s):/usr/bin/gmake -f Makefile cmTC_81c26/fast && gmake[1]: Entering directory '/home/vboxuser/Desktop/openSi/kicad-build/CMakeFiles/CMakeScratch/TryCompile-Tj9QBR'
gmake[1]: Warning: File 'Makefile' has modification time 1.6 s in the future
/usr/bin/gmake  -f CMakeFiles/cmTC_81c26.dir/build.make CMakeFiles/cmTC_81c26.dir/build
gmake[2]: Entering directory '/home/vboxuser/Desktop/openSi/kicad-build/CMakeFiles/CMakeScratch/TryCompile-Tj9QBR'
gmake[2]: Warning: File 'CMakeFiles/cmTC_81c26.dir/flags.make' has modification time 1.6 s in the future
Building CXX object CMakeFiles/cmTC_81c26.dir/src.cxx.o
/usr/bin/c++ -DCOMPILER_REQUIRES_ENABLE_TRIVIAL_ZERO_INIT  -Wno-attributes  -fPIE   -ftrivial-auto-var-init=zero -enable-trivial-auto-var-init-zero-knowing-it-will-be-removed-from-clang -std=c++17 -o CMakeFiles/cmTC_81c26.dir/src.cxx.o -c /home/vboxuser/Desktop/openSi/kicad-build/CMakeFiles/CMakeScratch/TryCompile-Tj9QBR/src.cxx
c++: error: unrecognized command-line option '-ftrivial-auto-var-init=zero'
gmake[2]: *** [CMakeFiles/cmTC_81c26.dir/build.make:78: CMakeFiles/cmTC_81c26.dir/src.cxx.o] Error 1
gmake[2]: Leaving directory '/home/vboxuser/Desktop/openSi/kicad-build/CMakeFiles/CMakeScratch/TryCompile-Tj9QBR'
gmake[1]: *** [Makefile:127: cmTC_81c26/fast] Error 2
gmake[1]: Leaving directory '/home/vboxuser/Desktop/openSi/kicad-build/CMakeFiles/CMakeScratch/TryCompile-Tj9QBR'


Source file was:
int main() { return 0; }

